

Microchip MPLAB XC8 Assembler V2.10 build 88905656 
                                                                                               Sat Dec 20 10:16:05 2025

Microchip MPLAB XC8 C Compiler v2.10 (Free license) build 20190730164152 Og9 
     1                           	processor	18F4550
     2                           	fnconf	rparam,??,?,0
     3                           	opt	pw 120
     4                           	opt	flic
     5                           	psect	cinit,global,reloc=2,class=CODE,delta=1
     6                           	psect	cstackCOMRAM,global,class=COMRAM,space=1,delta=1,noexec
     7                           	psect	text0,global,reloc=2,class=CODE,delta=1
     8                           	psect	intsave_regs,global,class=BIGRAM,space=1,delta=1,noexec
     9                           	psect	rparam,global,class=COMRAM,space=1,delta=1,noexec
    10  0000                     
    11                           ; Version 2.10
    12                           ; Generated 31/07/2019 GMT
    13                           ; 
    14                           ; Copyright © 2019, Microchip Technology Inc. and its subsidiaries ("Microchip")
    15                           ; All rights reserved.
    16                           ; 
    17                           ; This software is developed by Microchip Technology Inc. and its subsidiaries ("Microch
      +                          ip").
    18                           ; 
    19                           ; Redistribution and use in source and binary forms, with or without modification, are
    20                           ; permitted provided that the following conditions are met:
    21                           ; 
    22                           ;     1. Redistributions of source code must retain the above copyright notice, this lis
      +                          t of
    23                           ;        conditions and the following disclaimer.
    24                           ; 
    25                           ;     2. Redistributions in binary form must reproduce the above copyright notice, this 
      +                          list
    26                           ;        of conditions and the following disclaimer in the documentation and/or other
    27                           ;        materials provided with the distribution.
    28                           ; 
    29                           ;     3. Microchip's name may not be used to endorse or promote products derived from th
      +                          is
    30                           ;        software without specific prior written permission.
    31                           ; 
    32                           ; THIS SOFTWARE IS PROVIDED BY MICROCHIP "AS IS" AND ANY EXPRESS OR IMPLIED WARRANTIES,
    33                           ; INCLUDING, BUT NOT LIMITED TO, THE IMPLIED WARRANTIES OF MERCHANTABILITY AND FITNESS F
      +                          OR
    34                           ; PURPOSE ARE DISCLAIMED.  IN NO EVENT SHALL MICROCHIP BE LIABLE FOR ANY DIRECT, INDIREC
      +                          T,
    35                           ; INCIDENTAL, SPECIAL, EXEMPLARY, OR CONSEQUENTIAL DAMAGES (INCLUDING BUT NOT LIMITED TO
    36                           ; PROCUREMENT OF SUBSTITUTE GOODS OR SERVICES; LOSS OF USE, DATA OR PROFITS; OR BUSINESS
    37                           ; INTERRUPTION) HOWSOEVER CAUSED AND ON ANY THEORY OF LIABILITY, WHETHER IN CONTRACT, ST
      +                          RICT
    38                           ; LIABILITY, OR TORT (INCLUDING NEGLIGENCE OR OTHERWISE) ARISING IN ANY WAY OUT OF THE U
      +                          SE OF
    39                           ; THIS SOFTWARE, EVEN IF ADVISED OF THE POSSIBILITY OF SUCH DAMAGE.
    40                           ; 
    41                           ; 
    42                           ; Code-generator required, PIC18F4550 Definitions
    43                           ; 
    44                           ; SFR Addresses
    45  0000                     _ADRESH	set	4036
    46  0000                     _CCPR2L	set	4027
    47  0000                     _ADCON0bits	set	4034
    48  0000                     _TRISA	set	3986
    49  0000                     _TRISC	set	3988
    50  0000                     _PR2	set	4043
    51  0000                     _T2CON	set	4042
    52  0000                     _CCP2CON	set	4026
    53  0000                     _ADCON2	set	4032
    54  0000                     _ADCON1	set	4033
    55  0000                     _ADCON0	set	4034
    56                           
    57                           ; #config settings
    58  0000                     
    59                           	psect	cinit
    60  007FCC                     __pcinit:
    61                           	opt callstack 0
    62  007FCC                     start_initialization:
    63                           	opt callstack 0
    64  007FCC                     __initialization:
    65                           	opt callstack 0
    66  007FCC                     end_of_initialization:
    67                           	opt callstack 0
    68  007FCC                     __end_of__initialization:
    69                           	opt callstack 0
    70  007FCC  0100               	movlb	0
    71  007FCE  EFE9  F03F         	goto	_main	;jump to C main() function
    72                           
    73                           	psect	cstackCOMRAM
    74  000000                     __pcstackCOMRAM:
    75                           	opt callstack 0
    76  000000                     
    77                           ; 2 bytes @ 0x0
    78 ;;
    79 ;;Main: autosize = 0, tempsize = 0, incstack = 0, save=0
    80 ;;
    81 ;; *************** function _main *****************
    82 ;; Defined at:
    83 ;;		line 14 in file "C:/Users/chris/Documents/LABSISMIC/PRATICA_9.X/ex01.c"
    84 ;; Parameters:    Size  Location     Type
    85 ;;		None
    86 ;; Auto vars:     Size  Location     Type
    87 ;;		None
    88 ;; Return value:  Size  Location     Type
    89 ;;                  2   28[None  ] int 
    90 ;; Registers used:
    91 ;;		wreg, status,2
    92 ;; Tracked objects:
    93 ;;		On entry : 0/0
    94 ;;		On exit  : 0/0
    95 ;;		Unchanged: 0/0
    96 ;; Data sizes:     COMRAM   BANK0   BANK1   BANK2   BANK3   BANK4   BANK5   BANK6   BANK7
    97 ;;      Params:         0       0       0       0       0       0       0       0       0
    98 ;;      Locals:         0       0       0       0       0       0       0       0       0
    99 ;;      Temps:          0       0       0       0       0       0       0       0       0
   100 ;;      Totals:         0       0       0       0       0       0       0       0       0
   101 ;;Total ram usage:        0 bytes
   102 ;; This function calls:
   103 ;;		Nothing
   104 ;; This function is called by:
   105 ;;		Startup code after reset
   106 ;; This function uses a non-reentrant model
   107 ;;
   108                           
   109                           	psect	text0
   110  007FD2                     __ptext0:
   111                           	opt callstack 0
   112  007FD2                     _main:
   113                           	opt callstack 31
   114                           
   115                           ;ex01.c: 16: ADCON0 = 0x01;
   116                           
   117                           ;incstack = 0
   118  007FD2  0E01               	movlw	1
   119  007FD4  6EC2               	movwf	194,c	;volatile
   120                           
   121                           ;ex01.c: 17: ADCON1 = 0x0E;
   122  007FD6  0E0E               	movlw	14
   123  007FD8  6EC1               	movwf	193,c	;volatile
   124                           
   125                           ;ex01.c: 18: ADCON2 = 0x21;
   126  007FDA  0E21               	movlw	33
   127  007FDC  6EC0               	movwf	192,c	;volatile
   128                           
   129                           ;ex01.c: 19: CCP2CON = 0x0C;
   130  007FDE  0E0C               	movlw	12
   131  007FE0  6EBA               	movwf	186,c	;volatile
   132                           
   133                           ;ex01.c: 20: T2CON = 0b00000101;
   134  007FE2  0E05               	movlw	5
   135  007FE4  6ECA               	movwf	202,c	;volatile
   136                           
   137                           ;ex01.c: 21: PR2 = 255;
   138  007FE6  68CB               	setf	203,c	;volatile
   139                           
   140                           ;ex01.c: 22: TRISC = 0x00;
   141  007FE8  0E00               	movlw	0
   142  007FEA  6E94               	movwf	148,c	;volatile
   143                           
   144                           ;ex01.c: 23: TRISA = 0xFF;
   145  007FEC  6892               	setf	146,c	;volatile
   146  007FEE                     l789:
   147                           
   148                           ;ex01.c: 26: {;ex01.c: 27: ADCON0bits.GO = 1;
   149  007FEE  82C2               	bsf	194,1,c	;volatile
   150  007FF0                     l30:
   151  007FF0  B2C2               	btfsc	194,1,c	;volatile
   152  007FF2  D7FE               	goto	l30
   153                           
   154                           ;ex01.c: 31: CCPR2L = ADRESH;
   155  007FF4  CFC4 FFBB          	movff	4036,4027	;volatile
   156                           
   157                           ;ex01.c: 33: _delay((unsigned long)((10)*(5000000/4000000.0)));
   158  007FF8  0E04               	movlw	4
   159  007FFA                     u27:
   160  007FFA  2EE8               	decfsz	wreg,f,c
   161  007FFC  D7FE               	bra	u27
   162  007FFE  D7F7               	goto	l789
   163  008000                     __end_of_main:
   164                           	opt callstack 0
   165  0000                     
   166                           	psect	rparam
   167  0000                     tosu	equ	0xFFF
   168                           tosh	equ	0xFFE
   169                           tosl	equ	0xFFD
   170                           stkptr	equ	0xFFC
   171                           pclatu	equ	0xFFB
   172                           pclath	equ	0xFFA
   173                           pcl	equ	0xFF9
   174                           tblptru	equ	0xFF8
   175                           tblptrh	equ	0xFF7
   176                           tblptrl	equ	0xFF6
   177                           tablat	equ	0xFF5
   178                           prodh	equ	0xFF4
   179                           prodl	equ	0xFF3
   180                           indf0	equ	0xFEF
   181                           postinc0	equ	0xFEE
   182                           postdec0	equ	0xFED
   183                           preinc0	equ	0xFEC
   184                           plusw0	equ	0xFEB
   185                           fsr0h	equ	0xFEA
   186                           fsr0l	equ	0xFE9
   187                           wreg	equ	0xFE8
   188                           indf1	equ	0xFE7
   189                           postinc1	equ	0xFE6
   190                           postdec1	equ	0xFE5
   191                           preinc1	equ	0xFE4
   192                           plusw1	equ	0xFE3
   193                           fsr1h	equ	0xFE2
   194                           fsr1l	equ	0xFE1
   195                           bsr	equ	0xFE0
   196                           indf2	equ	0xFDF
   197                           postinc2	equ	0xFDE
   198                           postdec2	equ	0xFDD
   199                           preinc2	equ	0xFDC
   200                           plusw2	equ	0xFDB
   201                           fsr2h	equ	0xFDA
   202                           fsr2l	equ	0xFD9
   203                           status	equ	0xFD8


Data Sizes:
    Strings     0
    Constant    0
    Data        0
    BSS         0
    Persistent  0
    Stack       0

Auto Spaces:
    Space          Size  Autos    Used
    COMRAM           95      0       0
    BANK0           160      0       0
    BANK1           256      0       0
    BANK2           256      0       0
    BANK3           256      0       0
    BANK4           256      0       0
    BANK5           256      0       0
    BANK6           256      0       0
    BANK7           256      0       0

Pointer List with Targets:

    None.

Critical Paths under _main in COMRAM

    None.

Critical Paths under _main in BANK0

    None.

Critical Paths under _main in BANK1

    None.

Critical Paths under _main in BANK2

    None.

Critical Paths under _main in BANK3

    None.

Critical Paths under _main in BANK4

    None.

Critical Paths under _main in BANK5

    None.

Critical Paths under _main in BANK6

    None.

Critical Paths under _main in BANK7

    None.

Call Graph Tables:

 ---------------------------------------------------------------------------------
 (Depth) Function   	        Calls       Base Space   Used Autos Params    Refs
 ---------------------------------------------------------------------------------
 (0) _main                                                 0     0      0       0
 ---------------------------------------------------------------------------------
 Estimated maximum stack depth 0
 ---------------------------------------------------------------------------------

 Call Graph Graphs:

 _main (ROOT)

 Address spaces:
Name               Size   Autos  Total    Cost      Usage
BITCOMRAM           5F      0       0       0        0.0%
EEDATA             100      0       0       0        0.0%
NULL                 0      0       0       0        0.0%
CODE                 0      0       0       0        0.0%
COMRAM              5F      0       0       1        0.0%
STACK                0      0       0       2        0.0%
DATA                 0      0       0       3        0.0%
BITBANK0            A0      0       0       4        0.0%
BANK0               A0      0       0       5        0.0%
BITBANK1           100      0       0       6        0.0%
BANK1              100      0       0       7        0.0%
BITBANK2           100      0       0       8        0.0%
BANK2              100      0       0       9        0.0%
BITBANK3           100      0       0      10        0.0%
BANK3              100      0       0      11        0.0%
BITBANK4           100      0       0      12        0.0%
BANK4              100      0       0      13        0.0%
BITBANK5           100      0       0      14        0.0%
BANK5              100      0       0      15        0.0%
BITBANK6           100      0       0      16        0.0%
BANK6              100      0       0      17        0.0%
BITBANK7           100      0       0      18        0.0%
BANK7              100      0       0      19        0.0%
ABS                  0      0       0      20        0.0%
BIGRAM             7FF      0       0      21        0.0%
BITSFR               0      0       0     200        0.0%
SFR                  0      0       0     200        0.0%


Microchip Technology PIC18 Macro Assembler V2.10 build 88905656 
Symbol Table                                                                                   Sat Dec 20 10:16:05 2025

                     l30 7FF0                       u27 7FFA                      l789 7FEE  
                    _PR2 000FCB                      wreg 000FE8             __CFG_FOSC$HS 000000  
           __CFG_LVP$OFF 000000             __CFG_WDT$OFF 000000             __CFG_PWRT$ON 000000  
                   _main 7FD2                     start 0000            __CFG_MCLRE$ON 000000  
           ___param_bank 000000                    ?_main 0000                    _T2CON 000FCA  
                  _TRISA 000F92                    _TRISC 000F94          __initialization 7FCC  
           __end_of_main 8000                   ??_main 0000            __activetblptr 000000  
                 _ADCON0 000FC2                   _ADCON1 000FC1                   _ADCON2 000FC0  
                 _ADRESH 000FC4                   _CCPR2L 000FBB           __CFG_XINST$OFF 000000  
             __accesstop 0060  __end_of__initialization 7FCC          __CFG_PBADEN$OFF 000000  
          ___rparam_used 000001           __pcstackCOMRAM 0000                  _CCP2CON 000FBA  
                __Hparam 0000                  __Lparam 0000                  __pcinit 7FCC  
                __ramtop 0800                  __ptext0 7FD2     end_of_initialization 7FCC  
    start_initialization 7FCC               _ADCON0bits 000FC2                 __Hrparam 0000  
               __Lrparam 0000            __size_of_main 002E    __CFG_CPUDIV$OSC1_PLL2 000000  
