

Microchip MPLAB XC8 Assembler V2.10 build 88905656 
                                                                                               Thu Nov 27 14:20:01 2025

Microchip MPLAB XC8 C Compiler v2.10 (Free license) build 20190730164152 Og9 
     1                           	processor	18F4550
     2                           	fnconf	rparam,??,?,0
     3                           	opt	pw 120
     4                           	opt	flic
     5                           	psect	cinit,global,reloc=2,class=CODE,delta=1
     6                           	psect	bssCOMRAM,global,class=COMRAM,space=1,delta=1,noexec
     7                           	psect	cstackCOMRAM,global,class=COMRAM,space=1,delta=1,noexec
     8                           	psect	text0,global,reloc=2,class=CODE,delta=1
     9                           	psect	intcodelo,global,reloc=2,class=CODE,delta=1
    10                           	psect	intcode,global,reloc=2,class=CODE,delta=1
    11                           	psect	intcode_body,global,reloc=2,class=CODE,delta=1
    12                           	psect	intsave_regs,global,class=BIGRAM,space=1,delta=1,noexec
    13                           	psect	rparam,global,class=COMRAM,space=1,delta=1,noexec
    14                           	psect	temp,global,ovrld,common,class=COMRAM,space=1,delta=1
    15  0000                     
    16                           ; Version 2.10
    17                           ; Generated 31/07/2019 GMT
    18                           ; 
    19                           ; Copyright © 2019, Microchip Technology Inc. and its subsidiaries ("Microchip")
    20                           ; All rights reserved.
    21                           ; 
    22                           ; This software is developed by Microchip Technology Inc. and its subsidiaries ("Microch
      +                          ip").
    23                           ; 
    24                           ; Redistribution and use in source and binary forms, with or without modification, are
    25                           ; permitted provided that the following conditions are met:
    26                           ; 
    27                           ;     1. Redistributions of source code must retain the above copyright notice, this lis
      +                          t of
    28                           ;        conditions and the following disclaimer.
    29                           ; 
    30                           ;     2. Redistributions in binary form must reproduce the above copyright notice, this 
      +                          list
    31                           ;        of conditions and the following disclaimer in the documentation and/or other
    32                           ;        materials provided with the distribution.
    33                           ; 
    34                           ;     3. Microchip's name may not be used to endorse or promote products derived from th
      +                          is
    35                           ;        software without specific prior written permission.
    36                           ; 
    37                           ; THIS SOFTWARE IS PROVIDED BY MICROCHIP "AS IS" AND ANY EXPRESS OR IMPLIED WARRANTIES,
    38                           ; INCLUDING, BUT NOT LIMITED TO, THE IMPLIED WARRANTIES OF MERCHANTABILITY AND FITNESS F
      +                          OR
    39                           ; PURPOSE ARE DISCLAIMED.  IN NO EVENT SHALL MICROCHIP BE LIABLE FOR ANY DIRECT, INDIREC
      +                          T,
    40                           ; INCIDENTAL, SPECIAL, EXEMPLARY, OR CONSEQUENTIAL DAMAGES (INCLUDING BUT NOT LIMITED TO
    41                           ; PROCUREMENT OF SUBSTITUTE GOODS OR SERVICES; LOSS OF USE, DATA OR PROFITS; OR BUSINESS
    42                           ; INTERRUPTION) HOWSOEVER CAUSED AND ON ANY THEORY OF LIABILITY, WHETHER IN CONTRACT, ST
      +                          RICT
    43                           ; LIABILITY, OR TORT (INCLUDING NEGLIGENCE OR OTHERWISE) ARISING IN ANY WAY OUT OF THE U
      +                          SE OF
    44                           ; THIS SOFTWARE, EVEN IF ADVISED OF THE POSSIBILITY OF SUCH DAMAGE.
    45                           ; 
    46                           ; 
    47                           ; Code-generator required, PIC18F4550 Definitions
    48                           ; 
    49                           ; SFR Addresses
    50  0000                     _TMR1	set	4046
    51  0000                     _TMR0	set	4054
    52  0000                     _T1CON	set	4045
    53  0000                     _T0CON	set	4053
    54  0000                     _PIE1bits	set	3997
    55  0000                     _INTCON	set	4082
    56  0000                     _IPR1bits	set	3999
    57  0000                     _RCONbits	set	4048
    58  0000                     _TRISCbits	set	3988
    59  0000                     _TRISEbits	set	3990
    60  0000                     _TRISB	set	3987
    61  0000                     _ADCON1	set	4033
    62  0000                     _INTCON2bits	set	4081
    63  0000                     _T1CONbits	set	4045
    64  0000                     _INTCON3bits	set	4080
    65  0000                     _LATCbits	set	3979
    66  0000                     _PIR1bits	set	3998
    67  0000                     _T0CONbits	set	4053
    68  0000                     _LATEbits	set	3981
    69  0000                     _INTCONbits	set	4082
    70                           
    71                           ; #config settings
    72  0000                     
    73                           	psect	cinit
    74  000146                     __pcinit:
    75                           	opt callstack 0
    76  000146                     start_initialization:
    77                           	opt callstack 0
    78  000146                     __initialization:
    79                           	opt callstack 0
    80                           
    81                           ; Clear objects allocated to COMRAM (1 bytes)
    82  000146  6A08               	clrf	__pbssCOMRAM& (0+255),c
    83  000148                     end_of_initialization:
    84                           	opt callstack 0
    85  000148                     __end_of__initialization:
    86                           	opt callstack 0
    87  000148  9009               	bcf	int$flags,0,c	;clear compiler interrupt flag (level 1)
    88  00014A  9209               	bcf	int$flags,1,c	;clear compiler interrupt flag (level 2)
    89  00014C  0100               	movlb	0
    90  00014E  EF85  F000         	goto	_main	;jump to C main() function
    91                           
    92                           	psect	bssCOMRAM
    93  000008                     __pbssCOMRAM:
    94                           	opt callstack 0
    95  000008                     _aux:
    96                           	opt callstack 0
    97  000008                     	ds	1
    98                           
    99                           	psect	cstackCOMRAM
   100  000001                     __pcstackCOMRAM:
   101                           	opt callstack 0
   102  000001                     ??_High:
   103  000001                     
   104                           ; 1 bytes @ 0x0
   105  000001                     	ds	2
   106  000003                     ??_Low:
   107                           
   108                           ; 1 bytes @ 0x2
   109  000003                     	ds	5
   110  000008                     
   111                           ; 1 bytes @ 0x7
   112 ;;
   113 ;;Main: autosize = 0, tempsize = 0, incstack = 0, save=0
   114 ;;
   115 ;; *************** function _main *****************
   116 ;; Defined at:
   117 ;;		line 93 in file "ex03.c"
   118 ;; Parameters:    Size  Location     Type
   119 ;;		None
   120 ;; Auto vars:     Size  Location     Type
   121 ;;		None
   122 ;; Return value:  Size  Location     Type
   123 ;;                  1    wreg      void 
   124 ;; Registers used:
   125 ;;		wreg, status,2
   126 ;; Tracked objects:
   127 ;;		On entry : 0/0
   128 ;;		On exit  : 0/0
   129 ;;		Unchanged: 0/0
   130 ;; Data sizes:     COMRAM   BANK0   BANK1   BANK2   BANK3   BANK4   BANK5   BANK6   BANK7
   131 ;;      Params:         0       0       0       0       0       0       0       0       0
   132 ;;      Locals:         0       0       0       0       0       0       0       0       0
   133 ;;      Temps:          0       0       0       0       0       0       0       0       0
   134 ;;      Totals:         0       0       0       0       0       0       0       0       0
   135 ;;Total ram usage:        0 bytes
   136 ;; Hardware stack levels required when called:    2
   137 ;; This function calls:
   138 ;;		Nothing
   139 ;; This function is called by:
   140 ;;		Startup code after reset
   141 ;; This function uses a non-reentrant model
   142 ;;
   143                           
   144                           	psect	text0
   145  00010A                     __ptext0:
   146                           	opt callstack 0
   147  00010A                     _main:
   148                           	opt callstack 29
   149                           
   150                           ;ex03.c: 95: INTCON2bits.RBPU = 0;
   151                           
   152                           ;incstack = 0
   153  00010A  9EF1               	bcf	241,7,c	;volatile
   154                           
   155                           ;ex03.c: 96: ADCON1 = 0x0F;
   156  00010C  0E0F               	movlw	15
   157  00010E  6EC1               	movwf	193,c	;volatile
   158                           
   159                           ;ex03.c: 97: TRISB = 0xFF;
   160  000110  6893               	setf	147,c	;volatile
   161                           
   162                           ;ex03.c: 98: TRISEbits.RE0 = 0;
   163  000112  9096               	bcf	150,0,c	;volatile
   164                           
   165                           ;ex03.c: 99: TRISEbits.RE1 = 0;
   166  000114  9296               	bcf	150,1,c	;volatile
   167                           
   168                           ;ex03.c: 100: LATEbits.LATE0 = 1;
   169  000116  808D               	bsf	141,0,c	;volatile
   170                           
   171                           ;ex03.c: 101: LATEbits.LATE1 = 0;
   172  000118  928D               	bcf	141,1,c	;volatile
   173                           
   174                           ;ex03.c: 102: TRISCbits.RC2 = 0;
   175  00011A  9494               	bcf	148,2,c	;volatile
   176                           
   177                           ;ex03.c: 104: RCONbits.IPEN = 1;
   178  00011C  8ED0               	bsf	208,7,c	;volatile
   179                           
   180                           ;ex03.c: 106: INTCON2bits.TMR0IP = 1;
   181  00011E  84F1               	bsf	241,2,c	;volatile
   182                           
   183                           ;ex03.c: 108: IPR1bits.TMR1IP = 0;
   184  000120  909F               	bcf	159,0,c	;volatile
   185                           
   186                           ;ex03.c: 109: INTCON3bits.INT1IP = 0;
   187  000122  9CF0               	bcf	240,6,c	;volatile
   188                           
   189                           ;ex03.c: 111: INTCON = 0b11110000;
   190  000124  0EF0               	movlw	240
   191  000126  6EF2               	movwf	242,c	;volatile
   192                           
   193                           ;ex03.c: 112: INTCON3bits.INT1IE = 1;
   194  000128  86F0               	bsf	240,3,c	;volatile
   195                           
   196                           ;ex03.c: 113: PIE1bits.TMR1IE = 1;
   197  00012A  809D               	bsf	157,0,c	;volatile
   198                           
   199                           ;ex03.c: 114: T0CON = 0x86;
   200  00012C  0E86               	movlw	134
   201  00012E  6ED5               	movwf	213,c	;volatile
   202                           
   203                           ;ex03.c: 115: T1CON = 0b10000101;
   204  000130  0E85               	movlw	133
   205  000132  6ECD               	movwf	205,c	;volatile
   206                           
   207                           ;ex03.c: 116: TMR0 = 26474;
   208  000134  0E67               	movlw	103
   209  000136  6ED7               	movwf	215,c	;volatile
   210  000138  0E6A               	movlw	106
   211  00013A  6ED6               	movwf	214,c	;volatile
   212                           
   213                           ;ex03.c: 117: TMR1 = 63263;
   214  00013C  0EF7               	movlw	247
   215  00013E  6ECF               	movwf	207,c	;volatile
   216  000140  0E1F               	movlw	31
   217  000142  6ECE               	movwf	206,c	;volatile
   218  000144                     l67:
   219  000144  D7FF               	goto	l67
   220  000146                     __end_of_main:
   221                           	opt callstack 0
   222                           
   223 ;; *************** function _Low *****************
   224 ;; Defined at:
   225 ;;		line 63 in file "ex03.c"
   226 ;; Parameters:    Size  Location     Type
   227 ;;		None
   228 ;; Auto vars:     Size  Location     Type
   229 ;;		None
   230 ;; Return value:  Size  Location     Type
   231 ;;                  1    wreg      void 
   232 ;; Registers used:
   233 ;;		wreg, status,2, status,0
   234 ;; Tracked objects:
   235 ;;		On entry : 0/0
   236 ;;		On exit  : 0/0
   237 ;;		Unchanged: 0/0
   238 ;; Data sizes:     COMRAM   BANK0   BANK1   BANK2   BANK3   BANK4   BANK5   BANK6   BANK7
   239 ;;      Params:         0       0       0       0       0       0       0       0       0
   240 ;;      Locals:         0       0       0       0       0       0       0       0       0
   241 ;;      Temps:          5       0       0       0       0       0       0       0       0
   242 ;;      Totals:         5       0       0       0       0       0       0       0       0
   243 ;;Total ram usage:        5 bytes
   244 ;; Hardware stack levels used:    1
   245 ;; Hardware stack levels required when called:    1
   246 ;; This function calls:
   247 ;;		Nothing
   248 ;; This function is called by:
   249 ;;		Interrupt level 1
   250 ;; This function uses a non-reentrant model
   251 ;;
   252                           
   253                           	psect	intcodelo
   254  000018                     __pintcodelo:
   255                           	opt callstack 0
   256  000018                     _Low:
   257                           	opt callstack 29
   258                           
   259                           ;incstack = 0
   260  000018  8009               	bsf	btemp,0,c	;set compiler interrupt flag (level 1)
   261  00001A  CFD8 F005          	movff	status,??_Low+2
   262  00001E  CFE8 F006          	movff	wreg,??_Low+3
   263  000022  CFE0 F007          	movff	bsr,??_Low+4
   264                           
   265                           ;ex03.c: 66: if (PIR1bits.TMR1IF)
   266  000026  A09E               	btfss	158,0,c	;volatile
   267  000028  D013               	goto	i1l856
   268                           
   269                           ;ex03.c: 67: {;ex03.c: 68: PIR1bits.TMR1IF = 0;
   270  00002A  909E               	bcf	158,0,c	;volatile
   271                           
   272                           ;ex03.c: 69: LATCbits.LATC2 = ~LATCbits.LATC2;
   273  00002C  A48B               	btfss	139,2,c	;volatile
   274  00002E  D002               	goto	i1u7_20
   275  000030  0E01               	movlw	1
   276  000032  D001               	goto	i1u7_26
   277  000034                     i1u7_20:
   278  000034  0E00               	movlw	0
   279  000036                     i1u7_26:
   280  000036  0AFF               	xorlw	255
   281  000038  6E03               	movwf	??_Low^0,c
   282  00003A  4603               	rlncf	??_Low^0,f,c
   283  00003C  4603               	rlncf	??_Low^0,f,c
   284  00003E  508B               	movf	139,w,c	;volatile
   285  000040  1803               	xorwf	??_Low^0,w,c
   286  000042  0BFB               	andlw	-5
   287  000044  1803               	xorwf	??_Low^0,w,c
   288  000046  6E8B               	movwf	139,c	;volatile
   289                           
   290                           ;ex03.c: 70: TMR1 = 63263;
   291  000048  0EF7               	movlw	247
   292  00004A  6ECF               	movwf	207,c	;volatile
   293  00004C  0E1F               	movlw	31
   294  00004E  6ECE               	movwf	206,c	;volatile
   295  000050                     i1l856:
   296                           
   297                           ;ex03.c: 71: };ex03.c: 74: if (INTCON3bits.INT1IF)
   298  000050  A0F0               	btfss	240,0,c	;volatile
   299  000052  D01A               	goto	i1l62
   300                           
   301                           ;ex03.c: 75: {;ex03.c: 76: _delay((unsigned long)((100)*(20000000/4000.0)));
   302  000054  0E03               	movlw	3
   303  000056  6E04               	movwf	(??_Low+1)^0,c
   304  000058  0E8A               	movlw	138
   305  00005A  6E03               	movwf	??_Low^0,c
   306  00005C  0E56               	movlw	86
   307  00005E                     i1u10_27:
   308  00005E  2EE8               	decfsz	wreg,f,c
   309  000060  D7FE               	bra	i1u10_27
   310  000062  2E03               	decfsz	??_Low^0,f,c
   311  000064  D7FC               	bra	i1u10_27
   312  000066  2E04               	decfsz	(??_Low+1)^0,f,c
   313  000068  D7FA               	bra	i1u10_27
   314                           
   315                           ;ex03.c: 77: INTCON3bits.INT1IF = 0;
   316  00006A  90F0               	bcf	240,0,c	;volatile
   317                           
   318                           ;ex03.c: 79: if (!T1CONbits.TMR1ON)
   319  00006C  B0CD               	btfsc	205,0,c	;volatile
   320  00006E  D006               	goto	i1l60
   321                           
   322                           ;ex03.c: 80: {;ex03.c: 81: TMR1 = 63263;
   323  000070  0EF7               	movlw	247
   324  000072  6ECF               	movwf	207,c	;volatile
   325  000074  0E1F               	movlw	31
   326  000076  6ECE               	movwf	206,c	;volatile
   327                           
   328                           ;ex03.c: 82: T1CONbits.TMR1ON = 1;
   329  000078  80CD               	bsf	205,0,c	;volatile
   330                           
   331                           ;ex03.c: 83: }
   332  00007A  D006               	goto	i1l62
   333  00007C                     i1l60:
   334                           
   335                           ;ex03.c: 84: else;ex03.c: 85: {;ex03.c: 86: LATCbits.LATC2 = 0;
   336  00007C  948B               	bcf	139,2,c	;volatile
   337                           
   338                           ;ex03.c: 87: T1CONbits.TMR1ON = 0;
   339  00007E  90CD               	bcf	205,0,c	;volatile
   340                           
   341                           ;ex03.c: 88: TMR1 = 0;
   342  000080  0E00               	movlw	0
   343  000082  6ECF               	movwf	207,c	;volatile
   344  000084  0E00               	movlw	0
   345  000086  6ECE               	movwf	206,c	;volatile
   346  000088                     i1l62:
   347  000088  C007  FFE0         	movff	??_Low+4,bsr
   348  00008C  C006  FFE8         	movff	??_Low+3,wreg
   349  000090  C005  FFD8         	movff	??_Low+2,status
   350  000094  9009               	bcf	btemp,0,c	;clear compiler interrupt flag (level 1)
   351  000096  0010               	retfie	
   352  000098                     __end_of_Low:
   353                           	opt callstack 0
   354                           
   355 ;; *************** function _High *****************
   356 ;; Defined at:
   357 ;;		line 23 in file "ex03.c"
   358 ;; Parameters:    Size  Location     Type
   359 ;;		None
   360 ;; Auto vars:     Size  Location     Type
   361 ;;		None
   362 ;; Return value:  Size  Location     Type
   363 ;;                  1    wreg      void 
   364 ;; Registers used:
   365 ;;		wreg, status,2
   366 ;; Tracked objects:
   367 ;;		On entry : 0/0
   368 ;;		On exit  : 0/0
   369 ;;		Unchanged: 0/0
   370 ;; Data sizes:     COMRAM   BANK0   BANK1   BANK2   BANK3   BANK4   BANK5   BANK6   BANK7
   371 ;;      Params:         0       0       0       0       0       0       0       0       0
   372 ;;      Locals:         0       0       0       0       0       0       0       0       0
   373 ;;      Temps:          2       0       0       0       0       0       0       0       0
   374 ;;      Totals:         2       0       0       0       0       0       0       0       0
   375 ;;Total ram usage:        2 bytes
   376 ;; Hardware stack levels used:    1
   377 ;; This function calls:
   378 ;;		Nothing
   379 ;; This function is called by:
   380 ;;		Interrupt level 2
   381 ;; This function uses a non-reentrant model
   382 ;;
   383                           
   384                           	psect	intcode
   385  000008                     __pintcode:
   386                           	opt callstack 0
   387  000008                     _High:
   388                           	opt callstack 29
   389                           
   390                           ;incstack = 0
   391  000008  8209               	bsf	btemp,1,c	;set compiler interrupt flag (level 2)
   392  00000A  ED4E  F000         	call	int_func,f	;refresh shadow registers
   393                           
   394                           	psect	intcode_body
   395  00009C                     __pintcode_body:
   396                           	opt callstack 29
   397  00009C                     int_func:
   398                           	opt callstack 29
   399  00009C  0006               	pop		; remove dummy address from shadow register refresh
   400                           
   401                           ;ex03.c: 26: if (INTCONbits.TMR0IF)
   402  00009E  A4F2               	btfss	242,2,c	;volatile
   403  0000A0  D013               	goto	i2l830
   404                           
   405                           ;ex03.c: 27: {;ex03.c: 28: INTCONbits.TMR0IF = 0;
   406  0000A2  94F2               	bcf	242,2,c	;volatile
   407                           
   408                           ;ex03.c: 30: aux = LATEbits.LATE0;
   409  0000A4  0E00               	movlw	0
   410  0000A6  B08D               	btfsc	141,0,c	;volatile
   411  0000A8  0E01               	movlw	1
   412  0000AA  6E08               	movwf	_aux^0,c
   413                           
   414                           ;ex03.c: 31: LATEbits.LATE0 = LATEbits.LATE1;
   415  0000AC  A28D               	btfss	141,1,c	;volatile
   416  0000AE  D002               	bra	i2u2_45
   417  0000B0  808D               	bsf	141,0,c	;volatile
   418  0000B2  D001               	bra	i2u2_47
   419  0000B4                     i2u2_45:
   420  0000B4  908D               	bcf	141,0,c	;volatile
   421  0000B6                     i2u2_47:
   422                           
   423                           ;ex03.c: 32: LATEbits.LATE1 = aux;
   424  0000B6  B008               	btfsc	_aux^0,0,c
   425  0000B8  D002               	bra	i2u3_45
   426  0000BA  928D               	bcf	141,1,c	;volatile
   427  0000BC  D001               	bra	i2u3_46
   428  0000BE                     i2u3_45:
   429  0000BE  828D               	bsf	141,1,c	;volatile
   430  0000C0                     i2u3_46:
   431                           
   432                           ;ex03.c: 34: TMR0 = 26474;
   433  0000C0  0E67               	movlw	103
   434  0000C2  6ED7               	movwf	215,c	;volatile
   435  0000C4  0E6A               	movlw	106
   436  0000C6  6ED6               	movwf	214,c	;volatile
   437  0000C8                     i2l830:
   438                           
   439                           ;ex03.c: 35: };ex03.c: 38: if (INTCONbits.INT0IF)
   440  0000C8  A2F2               	btfss	242,1,c	;volatile
   441  0000CA  D01D               	goto	i2l53
   442                           
   443                           ;ex03.c: 39: {;ex03.c: 40: _delay((unsigned long)((100)*(20000000/4000.0)));
   444  0000CC  0E03               	movlw	3
   445  0000CE  6E02               	movwf	(??_High+1)^0,c
   446  0000D0  0E8A               	movlw	138
   447  0000D2  6E01               	movwf	??_High^0,c
   448  0000D4  0E56               	movlw	86
   449  0000D6                     i2u11_47:
   450  0000D6  2EE8               	decfsz	wreg,f,c
   451  0000D8  D7FE               	bra	i2u11_47
   452  0000DA  2E01               	decfsz	??_High^0,f,c
   453  0000DC  D7FC               	bra	i2u11_47
   454  0000DE  2E02               	decfsz	(??_High+1)^0,f,c
   455  0000E0  D7FA               	bra	i2u11_47
   456                           
   457                           ;ex03.c: 41: INTCONbits.INT0IF = 0;
   458  0000E2  92F2               	bcf	242,1,c	;volatile
   459                           
   460                           ;ex03.c: 43: if (!T0CONbits.TMR0ON)
   461  0000E4  BED5               	btfsc	213,7,c	;volatile
   462  0000E6  D008               	goto	i2l51
   463                           
   464                           ;ex03.c: 44: {;ex03.c: 45: LATEbits.LATE0 = 1;
   465  0000E8  808D               	bsf	141,0,c	;volatile
   466                           
   467                           ;ex03.c: 46: LATEbits.LATE1 = 0;
   468  0000EA  928D               	bcf	141,1,c	;volatile
   469                           
   470                           ;ex03.c: 47: TMR0 = 26474;
   471  0000EC  0E67               	movlw	103
   472  0000EE  6ED7               	movwf	215,c	;volatile
   473  0000F0  0E6A               	movlw	106
   474  0000F2  6ED6               	movwf	214,c	;volatile
   475                           
   476                           ;ex03.c: 48: T0CONbits.TMR0ON = 1;
   477  0000F4  8ED5               	bsf	213,7,c	;volatile
   478                           
   479                           ;ex03.c: 49: }
   480  0000F6  D007               	goto	i2l53
   481  0000F8                     i2l51:
   482                           
   483                           ;ex03.c: 50: else;ex03.c: 51: {;ex03.c: 52: LATEbits.LATE0 = 0;
   484  0000F8  908D               	bcf	141,0,c	;volatile
   485                           
   486                           ;ex03.c: 53: LATEbits.LATE1 = 0;
   487  0000FA  928D               	bcf	141,1,c	;volatile
   488                           
   489                           ;ex03.c: 54: TMR0 = 0;
   490  0000FC  0E00               	movlw	0
   491  0000FE  6ED7               	movwf	215,c	;volatile
   492  000100  0E00               	movlw	0
   493  000102  6ED6               	movwf	214,c	;volatile
   494                           
   495                           ;ex03.c: 55: T0CONbits.TMR0ON = 0;
   496  000104  9ED5               	bcf	213,7,c	;volatile
   497  000106                     i2l53:
   498  000106  9209               	bcf	btemp,1,c	;clear compiler interrupt flag (level 2)
   499  000108  0011               	retfie		f
   500  00010A                     __end_of_High:
   501                           	opt callstack 0
   502  0000                     
   503                           	psect	rparam
   504  0000                     
   505                           	psect	temp
   506  000009                     btemp:
   507                           	opt callstack 0
   508  000009                     	ds	1
   509  0000                     int$flags	set	btemp
   510  0000                     wtemp8	set	btemp+1
   511  0000                     ttemp5	set	btemp+1
   512  0000                     ttemp6	set	btemp+4
   513  0000                     ttemp7	set	btemp+8
   514                           tosu	equ	0xFFF
   515                           tosh	equ	0xFFE
   516                           tosl	equ	0xFFD
   517                           stkptr	equ	0xFFC
   518                           pclatu	equ	0xFFB
   519                           pclath	equ	0xFFA
   520                           pcl	equ	0xFF9
   521                           tblptru	equ	0xFF8
   522                           tblptrh	equ	0xFF7
   523                           tblptrl	equ	0xFF6
   524                           tablat	equ	0xFF5
   525                           prodh	equ	0xFF4
   526                           prodl	equ	0xFF3
   527                           indf0	equ	0xFEF
   528                           postinc0	equ	0xFEE
   529                           postdec0	equ	0xFED
   530                           preinc0	equ	0xFEC
   531                           plusw0	equ	0xFEB
   532                           fsr0h	equ	0xFEA
   533                           fsr0l	equ	0xFE9
   534                           wreg	equ	0xFE8
   535                           indf1	equ	0xFE7
   536                           postinc1	equ	0xFE6
   537                           postdec1	equ	0xFE5
   538                           preinc1	equ	0xFE4
   539                           plusw1	equ	0xFE3
   540                           fsr1h	equ	0xFE2
   541                           fsr1l	equ	0xFE1
   542                           bsr	equ	0xFE0
   543                           indf2	equ	0xFDF
   544                           postinc2	equ	0xFDE
   545                           postdec2	equ	0xFDD
   546                           preinc2	equ	0xFDC
   547                           plusw2	equ	0xFDB
   548                           fsr2h	equ	0xFDA
   549                           fsr2l	equ	0xFD9
   550                           status	equ	0xFD8


Data Sizes:
    Strings     0
    Constant    0
    Data        0
    BSS         1
    Persistent  0
    Stack       0

Auto Spaces:
    Space          Size  Autos    Used
    COMRAM           94      7       8
    BANK0           160      0       0
    BANK1           256      0       0
    BANK2           256      0       0
    BANK3           256      0       0
    BANK4           256      0       0
    BANK5           256      0       0
    BANK6           256      0       0
    BANK7           256      0       0

Pointer List with Targets:

    None.

Critical Paths under _main in COMRAM

    None.

Critical Paths under _Low in COMRAM

    None.

Critical Paths under _High in COMRAM

    None.

Critical Paths under _main in BANK0

    None.

Critical Paths under _Low in BANK0

    None.

Critical Paths under _High in BANK0

    None.

Critical Paths under _main in BANK1

    None.

Critical Paths under _Low in BANK1

    None.

Critical Paths under _High in BANK1

    None.

Critical Paths under _main in BANK2

    None.

Critical Paths under _Low in BANK2

    None.

Critical Paths under _High in BANK2

    None.

Critical Paths under _main in BANK3

    None.

Critical Paths under _Low in BANK3

    None.

Critical Paths under _High in BANK3

    None.

Critical Paths under _main in BANK4

    None.

Critical Paths under _Low in BANK4

    None.

Critical Paths under _High in BANK4

    None.

Critical Paths under _main in BANK5

    None.

Critical Paths under _Low in BANK5

    None.

Critical Paths under _High in BANK5

    None.

Critical Paths under _main in BANK6

    None.

Critical Paths under _Low in BANK6

    None.

Critical Paths under _High in BANK6

    None.

Critical Paths under _main in BANK7

    None.

Critical Paths under _Low in BANK7

    None.

Critical Paths under _High in BANK7

    None.

Call Graph Tables:

 ---------------------------------------------------------------------------------
 (Depth) Function   	        Calls       Base Space   Used Autos Params    Refs
 ---------------------------------------------------------------------------------
 (0) _main                                                 0     0      0       0
 ---------------------------------------------------------------------------------
 Estimated maximum stack depth 0
 ---------------------------------------------------------------------------------
 (Depth) Function   	        Calls       Base Space   Used Autos Params    Refs
 ---------------------------------------------------------------------------------
 (1) _Low                                                  5     5      0       0
                                              2 COMRAM     5     5      0
 ---------------------------------------------------------------------------------
 Estimated maximum stack depth 1
 ---------------------------------------------------------------------------------
 (Depth) Function   	        Calls       Base Space   Used Autos Params    Refs
 ---------------------------------------------------------------------------------
 (2) _High                                                 2     2      0       0
                                              0 COMRAM     2     2      0
 ---------------------------------------------------------------------------------
 Estimated maximum stack depth 2
 ---------------------------------------------------------------------------------

 Call Graph Graphs:

 _main (ROOT)

 _Low (ROOT)

 _High (ROOT)

 Address spaces:
Name               Size   Autos  Total    Cost      Usage
BIGRAM             7FF      0       0      21        0.0%
EEDATA             100      0       0       0        0.0%
BITBANK7           100      0       0      18        0.0%
BANK7              100      0       0      19        0.0%
BITBANK6           100      0       0      16        0.0%
BANK6              100      0       0      17        0.0%
BITBANK5           100      0       0      14        0.0%
BANK5              100      0       0      15        0.0%
BITBANK4           100      0       0      12        0.0%
BANK4              100      0       0      13        0.0%
BITBANK3           100      0       0      10        0.0%
BANK3              100      0       0      11        0.0%
BITBANK2           100      0       0       8        0.0%
BANK2              100      0       0       9        0.0%
BITBANK1           100      0       0       6        0.0%
BANK1              100      0       0       7        0.0%
BITBANK0            A0      0       0       4        0.0%
BANK0               A0      0       0       5        0.0%
BITCOMRAM           5E      0       0       0        0.0%
COMRAM              5E      7       8       1        8.5%
BITSFR               0      0       0     200        0.0%
SFR                  0      0       0     200        0.0%
STACK                0      0       0       2        0.0%
NULL                 0      0       0       0        0.0%
ABS                  0      0       8      20        0.0%
DATA                 0      0       8       3        0.0%
CODE                 0      0       0       0        0.0%


Microchip Technology PIC18 Macro Assembler V2.10 build 88905656 
Symbol Table                                                                                   Thu Nov 27 14:20:01 2025

                     l67 0144                       bsr 000FE0                      _Low 0018  
                    _aux 0008                      wreg 000FE8             __CFG_FOSC$HS 000000  
           __CFG_LVP$OFF 000000                     ?_Low 0001             __CFG_WDT$OFF 000000  
                   i1l60 007C                     i1l62 0088                     i2l51 00F8  
                   i2l53 0106                     _TMR0 000FD6                     _TMR1 000FCE  
           __CFG_PWRT$ON 000000                     _High 0008                     _main 010A  
                   btemp 0009                     start 0098            __CFG_MCLRE$ON 000000  
           ___param_bank 000000                    ??_Low 0003                    ?_High 0001  
                  ?_main 0001                    _T0CON 000FD5                    _T1CON 000FCD  
                  i1l856 0050                    i2l830 00C8                    _TRISB 000F93  
                  ttemp5 000A                    ttemp6 000D                    ttemp7 0011  
                  status 000FD8                    wtemp8 000A             __end_of_High 010A  
        __initialization 0146             __end_of_main 0146                   ??_High 0001  
                 ??_main 0008            __activetblptr 000000                   _ADCON1 000FC1  
                 _INTCON 000FF2                   i1u7_20 0034                   i2u2_45 00B4  
                 i2u2_47 00B6                   i1u7_26 0036                   i2u3_45 00BE  
                 i2u3_46 00C0           __CFG_XINST$OFF 000000               __accesstop 0060  
__end_of__initialization 0148          __CFG_PBADEN$OFF 000000            ___rparam_used 000001  
         __pcstackCOMRAM 0001                  i1u10_27 005E                  i2u11_47 00D6  
                __Hparam 0000                  __Lparam 0000                  __pcinit 0146  
                __ramtop 0800                  __ptext0 010A                _T0CONbits 000FD5  
              _T1CONbits 000FCD             __size_of_Low 0080           __pintcode_body 009C  
   end_of_initialization 0148                  int_func 009C                _TRISCbits 000F94  
              _TRISEbits 000F96      start_initialization 0146              __end_of_Low 0098  
            __pbssCOMRAM 0008                __pintcode 0008              __pintcodelo 0018  
               _LATCbits 000F8B                 _LATEbits 000F8D                 _IPR1bits 000F9F  
               _PIE1bits 000F9D                 _PIR1bits 000F9E                 _RCONbits 000FD0  
            _INTCON2bits 000FF1              _INTCON3bits 000FF0                 __Hrparam 0000  
               __Lrparam 0000            __size_of_High 0102            __size_of_main 003C  
               int$flags 0009    __CFG_CPUDIV$OSC1_PLL2 000000               _INTCONbits 000FF2  
               intlevel1 0000                 intlevel2 0000  
