

Microchip MPLAB XC8 Assembler V2.10 build 88905656 
                                                                                               Sat Dec 20 09:38:54 2025

Microchip MPLAB XC8 C Compiler v2.10 (Free license) build 20190730164152 Og9 
     1                           	processor	18F4550
     2                           	fnconf	rparam,??,?,0
     3                           	opt	pw 120
     4                           	opt	flic
     5                           	psect	smallconst,global,reloc=2,class=SMALLCONST,delta=1,noexec
     6                           	psect	cinit,global,reloc=2,class=CODE,delta=1
     7                           	psect	cstackCOMRAM,global,class=COMRAM,space=1,delta=1,noexec
     8                           	psect	text0,global,reloc=2,class=CODE,delta=1
     9                           	psect	text1,global,reloc=2,class=CODE,delta=1
    10                           	psect	text2,global,reloc=2,class=CODE,delta=1
    11                           	psect	text3,global,reloc=2,class=CODE,delta=1
    12                           	psect	text4,global,reloc=2,class=CODE,delta=1
    13                           	psect	text5,global,reloc=2,class=CODE,delta=1
    14                           	psect	intsave_regs,global,class=BIGRAM,space=1,delta=1,noexec
    15                           	psect	rparam,global,class=COMRAM,space=1,delta=1,noexec
    16  0000                     
    17                           ; Version 2.10
    18                           ; Generated 31/07/2019 GMT
    19                           ; 
    20                           ; Copyright © 2019, Microchip Technology Inc. and its subsidiaries ("Microchip")
    21                           ; All rights reserved.
    22                           ; 
    23                           ; This software is developed by Microchip Technology Inc. and its subsidiaries ("Microch
      +                          ip").
    24                           ; 
    25                           ; Redistribution and use in source and binary forms, with or without modification, are
    26                           ; permitted provided that the following conditions are met:
    27                           ; 
    28                           ;     1. Redistributions of source code must retain the above copyright notice, this lis
      +                          t of
    29                           ;        conditions and the following disclaimer.
    30                           ; 
    31                           ;     2. Redistributions in binary form must reproduce the above copyright notice, this 
      +                          list
    32                           ;        of conditions and the following disclaimer in the documentation and/or other
    33                           ;        materials provided with the distribution.
    34                           ; 
    35                           ;     3. Microchip's name may not be used to endorse or promote products derived from th
      +                          is
    36                           ;        software without specific prior written permission.
    37                           ; 
    38                           ; THIS SOFTWARE IS PROVIDED BY MICROCHIP "AS IS" AND ANY EXPRESS OR IMPLIED WARRANTIES,
    39                           ; INCLUDING, BUT NOT LIMITED TO, THE IMPLIED WARRANTIES OF MERCHANTABILITY AND FITNESS F
      +                          OR
    40                           ; PURPOSE ARE DISCLAIMED.  IN NO EVENT SHALL MICROCHIP BE LIABLE FOR ANY DIRECT, INDIREC
      +                          T,
    41                           ; INCIDENTAL, SPECIAL, EXEMPLARY, OR CONSEQUENTIAL DAMAGES (INCLUDING BUT NOT LIMITED TO
    42                           ; PROCUREMENT OF SUBSTITUTE GOODS OR SERVICES; LOSS OF USE, DATA OR PROFITS; OR BUSINESS
    43                           ; INTERRUPTION) HOWSOEVER CAUSED AND ON ANY THEORY OF LIABILITY, WHETHER IN CONTRACT, ST
      +                          RICT
    44                           ; LIABILITY, OR TORT (INCLUDING NEGLIGENCE OR OTHERWISE) ARISING IN ANY WAY OUT OF THE U
      +                          SE OF
    45                           ; THIS SOFTWARE, EVEN IF ADVISED OF THE POSSIBILITY OF SUCH DAMAGE.
    46                           ; 
    47                           ; 
    48                           ; Code-generator required, PIC18F4550 Definitions
    49                           ; 
    50                           ; SFR Addresses
    51  0000                     _TRISEbits	set	3990
    52  0000                     _TRISD	set	3989
    53  0000                     _LATEbits	set	3981
    54  0000                     _LATD	set	3980
    55                           
    56                           	psect	smallconst
    57  000800                     __psmallconst:
    58                           	opt callstack 0
    59  000800  00                 	db	0
    60  000801                     STR_1:
    61  000801  20                 	db	32
    62  000802  20                 	db	32
    63  000803  20                 	db	32
    64  000804  20                 	db	32
    65  000805  43                 	db	67	;'C'
    66  000806  45                 	db	69	;'E'
    67  000807  46                 	db	70	;'F'
    68  000808  45                 	db	69	;'E'
    69  000809  54                 	db	84	;'T'
    70  00080A  2D                 	db	45
    71  00080B  4D                 	db	77	;'M'
    72  00080C  47                 	db	71	;'G'
    73  00080D  20                 	db	32
    74  00080E  20                 	db	32
    75  00080F  20                 	db	32
    76  000810  20                 	db	32
    77  000811  00                 	db	0
    78  000812                     STR_2:
    79  000812  20                 	db	32
    80  000813  20                 	db	32
    81  000814  4C                 	db	76	;'L'
    82  000815  61                 	db	97	;'a'
    83  000816  62                 	db	98	;'b'
    84  000817  2E                 	db	46
    85  000818  20                 	db	32
    86  000819  64                 	db	100	;'d'
    87  00081A  65                 	db	101	;'e'
    88  00081B  20                 	db	32
    89  00081C  6D                 	db	109	;'m'
    90  00081D  69                 	db	105	;'i'
    91  00081E  63                 	db	99	;'c'
    92  00081F  72                 	db	114	;'r'
    93  000820  6F                 	db	111	;'o'
    94  000821  20                 	db	32
    95  000822  00                 	db	0
    96                           
    97                           ; #config settings
    98  000823  00                 	db	0	; dummy byte at the end
    99  0000                     
   100                           	psect	cinit
   101  0008D2                     __pcinit:
   102                           	opt callstack 0
   103  0008D2                     start_initialization:
   104                           	opt callstack 0
   105  0008D2                     __initialization:
   106                           	opt callstack 0
   107  0008D2                     end_of_initialization:
   108                           	opt callstack 0
   109  0008D2                     __end_of__initialization:
   110                           	opt callstack 0
   111  0008D2  0E00               	movlw	low (__Lsmallconst shr (0+16))
   112  0008D4  6EF8               	movwf	tblptru,c
   113  0008D6  0E08               	movlw	high __Lsmallconst
   114  0008D8  6EF7               	movwf	tblptrh,c
   115  0008DA  0100               	movlb	0
   116  0008DC  EF27  F004         	goto	_main	;jump to C main() function
   117                           
   118                           	psect	cstackCOMRAM
   119  000001                     __pcstackCOMRAM:
   120                           	opt callstack 0
   121  000001                     delay_lcd@i:
   122                           	opt callstack 0
   123                           
   124                           ; 2 bytes @ 0x0
   125  000001                     	ds	2
   126  000003                     lcd_cmd@cmd:
   127                           	opt callstack 0
   128  000003                     lcd_char@data:
   129                           	opt callstack 0
   130                           
   131                           ; 1 bytes @ 0x2
   132  000003                     	ds	1
   133  000004                     lcd_string@str:
   134                           	opt callstack 0
   135                           
   136                           ; 1 bytes @ 0x3
   137  000004                     	ds	1
   138  000005                     
   139                           ; 1 bytes @ 0x4
   140 ;;
   141 ;;Main: autosize = 0, tempsize = 0, incstack = 0, save=0
   142 ;;
   143 ;; *************** function _main *****************
   144 ;; Defined at:
   145 ;;		line 82 in file "ex01.c"
   146 ;; Parameters:    Size  Location     Type
   147 ;;		None
   148 ;; Auto vars:     Size  Location     Type
   149 ;;		None
   150 ;; Return value:  Size  Location     Type
   151 ;;                  1    wreg      void 
   152 ;; Registers used:
   153 ;;		wreg, status,2, status,0, tblptrl, tblptrh, tblptru, cstack
   154 ;; Tracked objects:
   155 ;;		On entry : 0/0
   156 ;;		On exit  : 0/0
   157 ;;		Unchanged: 0/0
   158 ;; Data sizes:     COMRAM   BANK0   BANK1   BANK2   BANK3   BANK4   BANK5   BANK6   BANK7
   159 ;;      Params:         0       0       0       0       0       0       0       0       0
   160 ;;      Locals:         0       0       0       0       0       0       0       0       0
   161 ;;      Temps:          0       0       0       0       0       0       0       0       0
   162 ;;      Totals:         0       0       0       0       0       0       0       0       0
   163 ;;Total ram usage:        0 bytes
   164 ;; Hardware stack levels required when called:    3
   165 ;; This function calls:
   166 ;;		_lcd_cmd
   167 ;;		_lcd_init
   168 ;;		_lcd_string
   169 ;; This function is called by:
   170 ;;		Startup code after reset
   171 ;; This function uses a non-reentrant model
   172 ;;
   173                           
   174                           	psect	text0
   175  00084E                     __ptext0:
   176                           	opt callstack 0
   177  00084E                     _main:
   178                           	opt callstack 28
   179                           
   180                           ;ex01.c: 84: lcd_init();
   181                           
   182                           ;incstack = 0
   183  00084E  EC12  F004         	call	_lcd_init	;wreg free
   184                           
   185                           ;ex01.c: 87: lcd_cmd(0x80);
   186  000852  0E80               	movlw	128
   187  000854  EC60  F004         	call	_lcd_cmd
   188                           
   189                           ;ex01.c: 88: lcd_string("    CEFET-MG    ");
   190  000858  0E01               	movlw	low STR_1
   191  00085A  6E04               	movwf	lcd_string@str^0,c
   192  00085C  EC38  F004         	call	_lcd_string	;wreg free
   193                           
   194                           ;ex01.c: 91: lcd_cmd(0xC0);
   195  000860  0EC0               	movlw	192
   196  000862  EC60  F004         	call	_lcd_cmd
   197                           
   198                           ;ex01.c: 92: lcd_string("  Lab. de micro ");
   199  000866  0E12               	movlw	low STR_2
   200  000868  6E04               	movwf	lcd_string@str^0,c
   201  00086A  EC38  F004         	call	_lcd_string	;wreg free
   202  00086E                     l33:
   203  00086E  D7FF               	goto	l33
   204  000870                     __end_of_main:
   205                           	opt callstack 0
   206                           
   207 ;; *************** function _lcd_string *****************
   208 ;; Defined at:
   209 ;;		line 56 in file "ex01.c"
   210 ;; Parameters:    Size  Location     Type
   211 ;;  str             1    3[COMRAM] PTR const unsigned char 
   212 ;;		 -> STR_2(17), STR_1(17), 
   213 ;; Auto vars:     Size  Location     Type
   214 ;;		None
   215 ;; Return value:  Size  Location     Type
   216 ;;                  1    wreg      void 
   217 ;; Registers used:
   218 ;;		wreg, status,2, status,0, tblptrl, tblptrh, tblptru, cstack
   219 ;; Tracked objects:
   220 ;;		On entry : 0/0
   221 ;;		On exit  : 0/0
   222 ;;		Unchanged: 0/0
   223 ;; Data sizes:     COMRAM   BANK0   BANK1   BANK2   BANK3   BANK4   BANK5   BANK6   BANK7
   224 ;;      Params:         1       0       0       0       0       0       0       0       0
   225 ;;      Locals:         0       0       0       0       0       0       0       0       0
   226 ;;      Temps:          0       0       0       0       0       0       0       0       0
   227 ;;      Totals:         1       0       0       0       0       0       0       0       0
   228 ;;Total ram usage:        1 bytes
   229 ;; Hardware stack levels used:    1
   230 ;; Hardware stack levels required when called:    2
   231 ;; This function calls:
   232 ;;		_lcd_char
   233 ;; This function is called by:
   234 ;;		_main
   235 ;; This function uses a non-reentrant model
   236 ;;
   237                           
   238                           	psect	text1
   239  000870                     __ptext1:
   240                           	opt callstack 0
   241  000870                     _lcd_string:
   242                           	opt callstack 28
   243                           
   244                           ;ex01.c: 57: while(*str) {
   245                           
   246                           ;incstack = 0
   247  000870  D007               	goto	l854
   248  000872                     l850:
   249                           
   250                           ;ex01.c: 58: lcd_char(*str++);
   251  000872  C004  FFF6         	movff	lcd_string@str,tblptrl
   252  000876                     	if	0	;There is only one active tblptr byte
   253  000876                     	endif
   254  000876                     	if	0	;tblptru may be non-zero
   255  000876                     	endif
   256  000876                     	if	0	;tblptru may be non-zero
   257  000876                     	endif
   258  000876  0008               	tblrd		*
   259  000878  50F5               	movf	tablat,w,c
   260  00087A  EC57  F004         	call	_lcd_char
   261  00087E  2A04               	incf	lcd_string@str^0,f,c
   262  000880                     l854:
   263  000880  C004  FFF6         	movff	lcd_string@str,tblptrl
   264  000884                     	if	0	;There is only one active tblptr byte
   265  000884                     	endif
   266  000884                     	if	0	;tblptru may be non-zero
   267  000884                     	endif
   268  000884                     	if	0	;tblptru may be non-zero
   269  000884                     	endif
   270  000884  0008               	tblrd		*
   271  000886  50F5               	movf	tablat,w,c
   272  000888  0900               	iorlw	0
   273  00088A  B4D8               	btfsc	status,2,c
   274  00088C  0012               	return	
   275  00088E  D7F1               	goto	l850
   276  000890                     __end_of_lcd_string:
   277                           	opt callstack 0
   278                           
   279 ;; *************** function _lcd_char *****************
   280 ;; Defined at:
   281 ;;		line 47 in file "ex01.c"
   282 ;; Parameters:    Size  Location     Type
   283 ;;  data            1    wreg     unsigned char 
   284 ;; Auto vars:     Size  Location     Type
   285 ;;  data            1    2[COMRAM] unsigned char 
   286 ;; Return value:  Size  Location     Type
   287 ;;                  1    wreg      void 
   288 ;; Registers used:
   289 ;;		wreg, status,2, status,0, cstack
   290 ;; Tracked objects:
   291 ;;		On entry : 0/0
   292 ;;		On exit  : 0/0
   293 ;;		Unchanged: 0/0
   294 ;; Data sizes:     COMRAM   BANK0   BANK1   BANK2   BANK3   BANK4   BANK5   BANK6   BANK7
   295 ;;      Params:         0       0       0       0       0       0       0       0       0
   296 ;;      Locals:         1       0       0       0       0       0       0       0       0
   297 ;;      Temps:          0       0       0       0       0       0       0       0       0
   298 ;;      Totals:         1       0       0       0       0       0       0       0       0
   299 ;;Total ram usage:        1 bytes
   300 ;; Hardware stack levels used:    1
   301 ;; Hardware stack levels required when called:    1
   302 ;; This function calls:
   303 ;;		_delay_lcd
   304 ;; This function is called by:
   305 ;;		_lcd_string
   306 ;; This function uses a non-reentrant model
   307 ;;
   308                           
   309                           	psect	text2
   310  0008AE                     __ptext2:
   311                           	opt callstack 0
   312  0008AE                     _lcd_char:
   313                           	opt callstack 28
   314                           
   315                           ;incstack = 0
   316                           ;lcd_char@data stored from wreg
   317  0008AE  6E03               	movwf	lcd_char@data^0,c
   318                           
   319                           ;ex01.c: 48: LATD = data;
   320  0008B0  C003  FF8C         	movff	lcd_char@data,3980	;volatile
   321                           
   322                           ;ex01.c: 49: LATEbits.LATE0 = 1;
   323  0008B4  808D               	bsf	141,0,c	;volatile
   324                           
   325                           ;ex01.c: 50: LATEbits.LATE1 = 1;
   326  0008B6  828D               	bsf	141,1,c	;volatile
   327                           
   328                           ;ex01.c: 51: delay_lcd();
   329  0008B8  EC48  F004         	call	_delay_lcd	;wreg free
   330                           
   331                           ;ex01.c: 52: LATEbits.LATE1 = 0;
   332  0008BC  928D               	bcf	141,1,c	;volatile
   333  0008BE  0012               	return		;funcret
   334  0008C0                     __end_of_lcd_char:
   335                           	opt callstack 0
   336                           
   337 ;; *************** function _lcd_init *****************
   338 ;; Defined at:
   339 ;;		line 63 in file "ex01.c"
   340 ;; Parameters:    Size  Location     Type
   341 ;;		None
   342 ;; Auto vars:     Size  Location     Type
   343 ;;		None
   344 ;; Return value:  Size  Location     Type
   345 ;;                  1    wreg      void 
   346 ;; Registers used:
   347 ;;		wreg, status,2, status,0, cstack
   348 ;; Tracked objects:
   349 ;;		On entry : 0/0
   350 ;;		On exit  : 0/0
   351 ;;		Unchanged: 0/0
   352 ;; Data sizes:     COMRAM   BANK0   BANK1   BANK2   BANK3   BANK4   BANK5   BANK6   BANK7
   353 ;;      Params:         0       0       0       0       0       0       0       0       0
   354 ;;      Locals:         0       0       0       0       0       0       0       0       0
   355 ;;      Temps:          0       0       0       0       0       0       0       0       0
   356 ;;      Totals:         0       0       0       0       0       0       0       0       0
   357 ;;Total ram usage:        0 bytes
   358 ;; Hardware stack levels used:    1
   359 ;; Hardware stack levels required when called:    2
   360 ;; This function calls:
   361 ;;		_delay_lcd
   362 ;;		_lcd_cmd
   363 ;; This function is called by:
   364 ;;		_main
   365 ;; This function uses a non-reentrant model
   366 ;;
   367                           
   368                           	psect	text3
   369  000824                     __ptext3:
   370                           	opt callstack 0
   371  000824                     _lcd_init:
   372                           	opt callstack 28
   373                           
   374                           ;ex01.c: 66: TRISD = 0x00;
   375                           
   376                           ;incstack = 0
   377  000824  0E00               	movlw	0
   378  000826  6E95               	movwf	149,c	;volatile
   379                           
   380                           ;ex01.c: 67: TRISEbits.TRISE0 = 0;
   381  000828  9096               	bcf	150,0,c	;volatile
   382                           
   383                           ;ex01.c: 68: TRISEbits.TRISE1 = 0;
   384  00082A  9296               	bcf	150,1,c	;volatile
   385                           
   386                           ;ex01.c: 69: TRISEbits.TRISE2 = 0;
   387  00082C  9496               	bcf	150,2,c	;volatile
   388                           
   389                           ;ex01.c: 70: LATEbits.LATE2 = 0;
   390  00082E  948D               	bcf	141,2,c	;volatile
   391                           
   392                           ;ex01.c: 72: delay_lcd();
   393  000830  EC48  F004         	call	_delay_lcd	;wreg free
   394                           
   395                           ;ex01.c: 75: lcd_cmd(0x38);
   396  000834  0E38               	movlw	56
   397  000836  EC60  F004         	call	_lcd_cmd
   398                           
   399                           ;ex01.c: 76: lcd_cmd(0x0C);
   400  00083A  0E0C               	movlw	12
   401  00083C  EC60  F004         	call	_lcd_cmd
   402                           
   403                           ;ex01.c: 77: lcd_cmd(0x06);
   404  000840  0E06               	movlw	6
   405  000842  EC60  F004         	call	_lcd_cmd
   406                           
   407                           ;ex01.c: 78: lcd_cmd(0x01);
   408  000846  0E01               	movlw	1
   409  000848  EC60  F004         	call	_lcd_cmd
   410  00084C  0012               	return		;funcret
   411  00084E                     __end_of_lcd_init:
   412                           	opt callstack 0
   413                           
   414 ;; *************** function _lcd_cmd *****************
   415 ;; Defined at:
   416 ;;		line 38 in file "ex01.c"
   417 ;; Parameters:    Size  Location     Type
   418 ;;  cmd             1    wreg     unsigned char 
   419 ;; Auto vars:     Size  Location     Type
   420 ;;  cmd             1    2[COMRAM] unsigned char 
   421 ;; Return value:  Size  Location     Type
   422 ;;                  1    wreg      void 
   423 ;; Registers used:
   424 ;;		wreg, status,2, status,0, cstack
   425 ;; Tracked objects:
   426 ;;		On entry : 0/0
   427 ;;		On exit  : 0/0
   428 ;;		Unchanged: 0/0
   429 ;; Data sizes:     COMRAM   BANK0   BANK1   BANK2   BANK3   BANK4   BANK5   BANK6   BANK7
   430 ;;      Params:         0       0       0       0       0       0       0       0       0
   431 ;;      Locals:         1       0       0       0       0       0       0       0       0
   432 ;;      Temps:          0       0       0       0       0       0       0       0       0
   433 ;;      Totals:         1       0       0       0       0       0       0       0       0
   434 ;;Total ram usage:        1 bytes
   435 ;; Hardware stack levels used:    1
   436 ;; Hardware stack levels required when called:    1
   437 ;; This function calls:
   438 ;;		_delay_lcd
   439 ;; This function is called by:
   440 ;;		_lcd_init
   441 ;;		_main
   442 ;; This function uses a non-reentrant model
   443 ;;
   444                           
   445                           	psect	text4
   446  0008C0                     __ptext4:
   447                           	opt callstack 0
   448  0008C0                     _lcd_cmd:
   449                           	opt callstack 28
   450                           
   451                           ;incstack = 0
   452                           ;lcd_cmd@cmd stored from wreg
   453  0008C0  6E03               	movwf	lcd_cmd@cmd^0,c
   454                           
   455                           ;ex01.c: 39: LATD = cmd;
   456  0008C2  C003  FF8C         	movff	lcd_cmd@cmd,3980	;volatile
   457                           
   458                           ;ex01.c: 40: LATEbits.LATE0 = 0;
   459  0008C6  908D               	bcf	141,0,c	;volatile
   460                           
   461                           ;ex01.c: 41: LATEbits.LATE1 = 1;
   462  0008C8  828D               	bsf	141,1,c	;volatile
   463                           
   464                           ;ex01.c: 42: delay_lcd();
   465  0008CA  EC48  F004         	call	_delay_lcd	;wreg free
   466                           
   467                           ;ex01.c: 43: LATEbits.LATE1 = 0;
   468  0008CE  928D               	bcf	141,1,c	;volatile
   469  0008D0  0012               	return		;funcret
   470  0008D2                     __end_of_lcd_cmd:
   471                           	opt callstack 0
   472                           
   473 ;; *************** function _delay_lcd *****************
   474 ;; Defined at:
   475 ;;		line 32 in file "ex01.c"
   476 ;; Parameters:    Size  Location     Type
   477 ;;		None
   478 ;; Auto vars:     Size  Location     Type
   479 ;;  i               2    0[COMRAM] int 
   480 ;; Return value:  Size  Location     Type
   481 ;;                  1    wreg      void 
   482 ;; Registers used:
   483 ;;		wreg, status,2, status,0
   484 ;; Tracked objects:
   485 ;;		On entry : 0/0
   486 ;;		On exit  : 0/0
   487 ;;		Unchanged: 0/0
   488 ;; Data sizes:     COMRAM   BANK0   BANK1   BANK2   BANK3   BANK4   BANK5   BANK6   BANK7
   489 ;;      Params:         0       0       0       0       0       0       0       0       0
   490 ;;      Locals:         2       0       0       0       0       0       0       0       0
   491 ;;      Temps:          0       0       0       0       0       0       0       0       0
   492 ;;      Totals:         2       0       0       0       0       0       0       0       0
   493 ;;Total ram usage:        2 bytes
   494 ;; Hardware stack levels used:    1
   495 ;; This function calls:
   496 ;;		Nothing
   497 ;; This function is called by:
   498 ;;		_lcd_cmd
   499 ;;		_lcd_char
   500 ;;		_lcd_init
   501 ;; This function uses a non-reentrant model
   502 ;;
   503                           
   504                           	psect	text5
   505  000890                     __ptext5:
   506                           	opt callstack 0
   507  000890                     _delay_lcd:
   508                           	opt callstack 28
   509                           
   510                           ;ex01.c: 33: int i;;ex01.c: 34: for(i = 0; i < 1000; i++);
   511                           
   512                           ;incstack = 0
   513  000890  0E00               	movlw	0
   514  000892  6E02               	movwf	(delay_lcd@i+1)^0,c
   515  000894  0E00               	movlw	0
   516  000896  6E01               	movwf	delay_lcd@i^0,c
   517  000898                     l790:
   518  000898  4A01               	infsnz	delay_lcd@i^0,f,c
   519  00089A  2A02               	incf	(delay_lcd@i+1)^0,f,c
   520  00089C  BE02               	btfsc	(delay_lcd@i+1)^0,7,c
   521  00089E  D7FC               	goto	l790
   522  0008A0  0EE8               	movlw	232
   523  0008A2  5C01               	subwf	delay_lcd@i^0,w,c
   524  0008A4  0E03               	movlw	3
   525  0008A6  5802               	subwfb	(delay_lcd@i+1)^0,w,c
   526  0008A8  B0D8               	btfsc	status,0,c
   527  0008AA  0012               	return	
   528  0008AC  D7F5               	goto	l790
   529  0008AE                     __end_of_delay_lcd:
   530                           	opt callstack 0
   531                           
   532                           	psect	rparam
   533  0000                     tosu	equ	0xFFF
   534                           tosh	equ	0xFFE
   535                           tosl	equ	0xFFD
   536                           stkptr	equ	0xFFC
   537                           pclatu	equ	0xFFB
   538                           pclath	equ	0xFFA
   539                           pcl	equ	0xFF9
   540                           tblptru	equ	0xFF8
   541                           tblptrh	equ	0xFF7
   542                           tblptrl	equ	0xFF6
   543                           tablat	equ	0xFF5
   544                           prodh	equ	0xFF4
   545                           prodl	equ	0xFF3
   546                           indf0	equ	0xFEF
   547                           postinc0	equ	0xFEE
   548                           postdec0	equ	0xFED
   549                           preinc0	equ	0xFEC
   550                           plusw0	equ	0xFEB
   551                           fsr0h	equ	0xFEA
   552                           fsr0l	equ	0xFE9
   553                           wreg	equ	0xFE8
   554                           indf1	equ	0xFE7
   555                           postinc1	equ	0xFE6
   556                           postdec1	equ	0xFE5
   557                           preinc1	equ	0xFE4
   558                           plusw1	equ	0xFE3
   559                           fsr1h	equ	0xFE2
   560                           fsr1l	equ	0xFE1
   561                           bsr	equ	0xFE0
   562                           indf2	equ	0xFDF
   563                           postinc2	equ	0xFDE
   564                           postdec2	equ	0xFDD
   565                           preinc2	equ	0xFDC
   566                           plusw2	equ	0xFDB
   567                           fsr2h	equ	0xFDA
   568                           fsr2l	equ	0xFD9
   569                           status	equ	0xFD8


Data Sizes:
    Strings     34
    Constant    0
    Data        0
    BSS         0
    Persistent  0
    Stack       0

Auto Spaces:
    Space          Size  Autos    Used
    COMRAM           95      4       4
    BANK0           160      0       0
    BANK1           256      0       0
    BANK2           256      0       0
    BANK3           256      0       0
    BANK4           256      0       0
    BANK5           256      0       0
    BANK6           256      0       0
    BANK7           256      0       0

Pointer List with Targets:

    lcd_string@str	PTR const unsigned char  size(1) Largest target is 17
		 -> STR_2(CODE[17]), STR_1(CODE[17]), 


Critical Paths under _main in COMRAM

    _main->_lcd_string
    _lcd_string->_lcd_char
    _lcd_char->_delay_lcd
    _lcd_init->_lcd_cmd
    _lcd_cmd->_delay_lcd

Critical Paths under _main in BANK0

    None.

Critical Paths under _main in BANK1

    None.

Critical Paths under _main in BANK2

    None.

Critical Paths under _main in BANK3

    None.

Critical Paths under _main in BANK4

    None.

Critical Paths under _main in BANK5

    None.

Critical Paths under _main in BANK6

    None.

Critical Paths under _main in BANK7

    None.

Call Graph Tables:

 ---------------------------------------------------------------------------------
 (Depth) Function   	        Calls       Base Space   Used Autos Params    Refs
 ---------------------------------------------------------------------------------
 (0) _main                                                 0     0      0     362
                            _lcd_cmd
                           _lcd_init
                         _lcd_string
 ---------------------------------------------------------------------------------
 (1) _lcd_string                                           1     0      1     242
                                              3 COMRAM     1     0      1
                           _lcd_char
 ---------------------------------------------------------------------------------
 (2) _lcd_char                                             1     1      0      45
                                              2 COMRAM     1     1      0
                          _delay_lcd
 ---------------------------------------------------------------------------------
 (1) _lcd_init                                             0     0      0      75
                          _delay_lcd
                            _lcd_cmd
 ---------------------------------------------------------------------------------
 (2) _lcd_cmd                                              1     1      0      45
                                              2 COMRAM     1     1      0
                          _delay_lcd
 ---------------------------------------------------------------------------------
 (3) _delay_lcd                                            2     2      0      30
                                              0 COMRAM     2     2      0
 ---------------------------------------------------------------------------------
 Estimated maximum stack depth 3
 ---------------------------------------------------------------------------------

 Call Graph Graphs:

 _main (ROOT)
   _lcd_cmd
     _delay_lcd
   _lcd_init
     _delay_lcd
     _lcd_cmd
       _delay_lcd
   _lcd_string
     _lcd_char
       _delay_lcd

 Address spaces:
Name               Size   Autos  Total    Cost      Usage
BITCOMRAM           5F      0       0       0        0.0%
EEDATA             100      0       0       0        0.0%
NULL                 0      0       0       0        0.0%
CODE                 0      0       0       0        0.0%
COMRAM              5F      4       4       1        4.2%
STACK                0      0       0       2        0.0%
DATA                 0      0       0       3        0.0%
BITBANK0            A0      0       0       4        0.0%
BANK0               A0      0       0       5        0.0%
BITBANK1           100      0       0       6        0.0%
BANK1              100      0       0       7        0.0%
BITBANK2           100      0       0       8        0.0%
BANK2              100      0       0       9        0.0%
BITBANK3           100      0       0      10        0.0%
BANK3              100      0       0      11        0.0%
BITBANK4           100      0       0      12        0.0%
BANK4              100      0       0      13        0.0%
BITBANK5           100      0       0      14        0.0%
BANK5              100      0       0      15        0.0%
BITBANK6           100      0       0      16        0.0%
BANK6              100      0       0      17        0.0%
BITBANK7           100      0       0      18        0.0%
BANK7              100      0       0      19        0.0%
ABS                  0      0       0      20        0.0%
BIGRAM             7FF      0       0      21        0.0%
BITSFR               0      0       0     200        0.0%
SFR                  0      0       0     200        0.0%


Microchip Technology PIC18 Macro Assembler V2.10 build 88905656 
Symbol Table                                                                                   Sat Dec 20 09:38:54 2025

           lcd_char@data 0003                       l33 086E                      l850 0872  
                    l790 0898                      l854 0880             __CFG_FOSC$HS 000000  
           __CFG_LVP$OFF 000000             __CFG_WDT$OFF 000000                     STR_1 0801  
                   STR_2 0812                     _LATD 000F8C                     _main 084E  
                   start 0000             ___param_bank 000000                    ?_main 0001  
                  _TRISD 000F95          __end_of_lcd_cmd 08D2                    tablat 000FF5  
                  status 000FD8          __initialization 08D2             __end_of_main 0870  
                 ??_main 0005            __activetblptr 000001         __end_of_lcd_char 08C0  
       __end_of_lcd_init 084E                ??_lcd_cmd 0003             __mediumconst 0000  
                 tblptrh 000FF7                   tblptrl 000FF6                   tblptru 000FF8  
          lcd_string@str 0004               __accesstop 0060  __end_of__initialization 08D2  
        __CFG_PBADEN$OFF 000000            ___rparam_used 000001           __pcstackCOMRAM 0001  
     __size_of_delay_lcd 001E                ?_lcd_char 0001               _lcd_string 0870  
              ?_lcd_init 0001        __end_of_delay_lcd 08AE                  __Hparam 0000  
                __Lparam 0000             __psmallconst 0800                  __pcinit 08D2  
                __ramtop 0800                  __ptext0 084E                  __ptext1 0870  
                __ptext2 08AE                  __ptext3 0824                  __ptext4 08C0  
                __ptext5 0890                  _lcd_cmd 08C0               ??_lcd_char 0003  
             ??_lcd_init 0004               delay_lcd@i 0001     end_of_initialization 08D2  
              _TRISEbits 000F96               lcd_cmd@cmd 0003              ?_lcd_string 0004  
    start_initialization 08D2      __size_of_lcd_string 0020        __size_of_lcd_char 0012  
      __size_of_lcd_init 002A                _delay_lcd 0890                 ?_lcd_cmd 0001  
            __smallconst 0800                 _LATEbits 000F8D               ?_delay_lcd 0001  
           ??_lcd_string 0005                 __Hrparam 0000                 __Lrparam 0000  
           __Lsmallconst 0800       __end_of_lcd_string 0890         __size_of_lcd_cmd 0012  
               _lcd_char 08AE                 _lcd_init 0824            __size_of_main 0022  
            ??_delay_lcd 0001  
